{"name": "test_login[None-111]", "status": "failed", "statusDetails": {"message": "AssertionError: assert None is not None", "trace": "self = <test_params.TestParam object at 0x000001F095A9D6C0>, user = None\npassword = 111\n\n    @pytest.mark.parametrize(\"user,password\", [('user001', 123456), ('admin', 88888888), (None, 111), ('123', None)])\n    def test_login(self, user, password):\n        print(\"输入用户名:\", user)\n        print(\"输入密码:\", password)\n>       assert user is not None\nE       assert None is not None\n\ntest_params.py:14: AssertionError"}, "parameters": [{"name": "user", "value": "None"}, {"name": "password", "value": "111"}], "start": 1635391526443, "stop": 1635391526443, "uuid": "6074a3ea-9ec9-4a65-bd0d-ec36ed2da78d", "historyId": "e775b5735d4695edd63d23c24472e07d", "testCaseId": "ac58bf2298676c80dd1f69bef189734a", "fullName": "learn_fund.pyyyytest.test_params.TestParam#test_login", "labels": [{"name": "parentSuite", "value": "learn_fund.pyyyytest"}, {"name": "suite", "value": "test_params"}, {"name": "subSuite", "value": "TestParam"}, {"name": "host", "value": "Syrius"}, {"name": "thread", "value": "19072-MainThread"}, {"name": "framework", "value": "pytest"}, {"name": "language", "value": "cpython3"}, {"name": "package", "value": "learn_fund.pyyyytest.test_params"}]}